<?xml version="1.0" encoding="UTF-8"?>
<!-- Generated by org.testng.reporters.JUnitReportReporter -->
<testsuite hostname="LAPTOP-P36ABI33" failures="0" tests="1" name="runners.TestRunner" time="15.486" errors="0" timestamp="2024-07-09T21:05:30 IST" skipped="0">
  <testcase classname="runners.TestRunner" name="runScenario" time="15.486"/>
</testsuite> <!-- runners.TestRunner -->
